<?xml version="1.0" encoding="UTF-8"?>
<testsuite xmlns:xsi="http://www.w3.org/2001/XMLSchema-instance" xsi:noNamespaceSchemaLocation="https://maven.apache.org/surefire/maven-surefire-plugin/xsd/surefire-test-report.xsd" name="za.co.nicolas.pocker.DeckTest" time="0.002" tests="10" errors="0" skipped="0" failures="0">
  <properties>
    <property name="java.specification.version" value="13"/>
    <property name="sun.jnu.encoding" value="UTF-8"/>
    <property name="java.class.path" value="/home/nicolas/projects/pocker-test/target/test-classes:/home/nicolas/projects/pocker-test/target/classes:/home/nicolas/.m2/repository/junit/junit/3.8.1/junit-3.8.1.jar:/home/nicolas/.m2/repository/org/junit/jupiter/junit-jupiter-api/5.4.2/junit-jupiter-api-5.4.2.jar:/home/nicolas/.m2/repository/org/apiguardian/apiguardian-api/1.0.0/apiguardian-api-1.0.0.jar:/home/nicolas/.m2/repository/org/opentest4j/opentest4j/1.1.1/opentest4j-1.1.1.jar:/home/nicolas/.m2/repository/org/junit/platform/junit-platform-commons/1.4.2/junit-platform-commons-1.4.2.jar:/home/nicolas/.m2/repository/org/junit/jupiter/junit-jupiter-engine/5.4.2/junit-jupiter-engine-5.4.2.jar:/home/nicolas/.m2/repository/org/junit/platform/junit-platform-engine/1.4.2/junit-platform-engine-1.4.2.jar:"/>
    <property name="java.vm.vendor" value="Azul Systems, Inc."/>
    <property name="sun.arch.data.model" value="64"/>
    <property name="java.vendor.url" value="http://www.azulsystems.com/"/>
    <property name="os.name" value="Linux"/>
    <property name="java.vm.specification.version" value="13"/>
    <property name="sun.java.launcher" value="SUN_STANDARD"/>
    <property name="user.country" value="ZA"/>
    <property name="sun.boot.library.path" value="/home/nicolas/.sdkman/candidates/java/13.0.2-zulu/lib"/>
    <property name="sun.java.command" value="/home/nicolas/projects/pocker-test/target/surefire/surefirebooter11156665970539672944.jar /home/nicolas/projects/pocker-test/target/surefire 2020-05-13T23-47-12_765-jvmRun1 surefire4635908521800787462tmp surefire_06340013957852367075tmp"/>
    <property name="jdk.debug" value="release"/>
    <property name="surefire.test.class.path" value="/home/nicolas/projects/pocker-test/target/test-classes:/home/nicolas/projects/pocker-test/target/classes:/home/nicolas/.m2/repository/junit/junit/3.8.1/junit-3.8.1.jar:/home/nicolas/.m2/repository/org/junit/jupiter/junit-jupiter-api/5.4.2/junit-jupiter-api-5.4.2.jar:/home/nicolas/.m2/repository/org/apiguardian/apiguardian-api/1.0.0/apiguardian-api-1.0.0.jar:/home/nicolas/.m2/repository/org/opentest4j/opentest4j/1.1.1/opentest4j-1.1.1.jar:/home/nicolas/.m2/repository/org/junit/platform/junit-platform-commons/1.4.2/junit-platform-commons-1.4.2.jar:/home/nicolas/.m2/repository/org/junit/jupiter/junit-jupiter-engine/5.4.2/junit-jupiter-engine-5.4.2.jar:/home/nicolas/.m2/repository/org/junit/platform/junit-platform-engine/1.4.2/junit-platform-engine-1.4.2.jar:"/>
    <property name="sun.cpu.endian" value="little"/>
    <property name="user.home" value="/home/nicolas"/>
    <property name="user.language" value="en"/>
    <property name="java.specification.vendor" value="Oracle Corporation"/>
    <property name="java.version.date" value="2020-01-14"/>
    <property name="java.home" value="/home/nicolas/.sdkman/candidates/java/13.0.2-zulu"/>
    <property name="file.separator" value="/"/>
    <property name="basedir" value="/home/nicolas/projects/pocker-test"/>
    <property name="java.vm.compressedOopsMode" value="Zero based"/>
    <property name="line.separator" value="&#10;"/>
    <property name="java.vm.specification.vendor" value="Oracle Corporation"/>
    <property name="java.specification.name" value="Java Platform API Specification"/>
    <property name="surefire.real.class.path" value="/home/nicolas/projects/pocker-test/target/surefire/surefirebooter11156665970539672944.jar"/>
    <property name="sun.management.compiler" value="HotSpot 64-Bit Tiered Compilers"/>
    <property name="java.runtime.version" value="13.0.2+6-MTS"/>
    <property name="user.name" value="nicolas"/>
    <property name="path.separator" value=":"/>
    <property name="os.version" value="5.3.0-51-generic"/>
    <property name="java.runtime.name" value="OpenJDK Runtime Environment"/>
    <property name="file.encoding" value="UTF-8"/>
    <property name="java.vm.name" value="OpenJDK 64-Bit Server VM"/>
    <property name="java.vendor.version" value="Zulu13.29+9-CA"/>
    <property name="localRepository" value="/home/nicolas/.m2/repository"/>
    <property name="java.vendor.url.bug" value="http://www.azulsystems.com/support/"/>
    <property name="java.io.tmpdir" value="/tmp"/>
    <property name="java.version" value="13.0.2"/>
    <property name="user.dir" value="/home/nicolas/projects/pocker-test"/>
    <property name="os.arch" value="amd64"/>
    <property name="java.vm.specification.name" value="Java Virtual Machine Specification"/>
    <property name="java.library.path" value="/usr/java/packages/lib:/usr/lib64:/lib64:/lib:/usr/lib"/>
    <property name="java.vm.info" value="mixed mode, sharing"/>
    <property name="java.vendor" value="Azul Systems, Inc."/>
    <property name="java.vm.version" value="13.0.2+6-MTS"/>
    <property name="sun.io.unicode.encoding" value="UnicodeLittle"/>
    <property name="java.class.version" value="57.0"/>
  </properties>
  <testcase name="testEquals1" classname="za.co.nicolas.pocker.DeckTest" time="0"/>
  <testcase name="testEquals2" classname="za.co.nicolas.pocker.DeckTest" time="0"/>
  <testcase name="testEquals3" classname="za.co.nicolas.pocker.DeckTest" time="0"/>
  <testcase name="testEquals4" classname="za.co.nicolas.pocker.DeckTest" time="0"/>
  <testcase name="testEquals5" classname="za.co.nicolas.pocker.DeckTest" time="0"/>
  <testcase name="testEquals6" classname="za.co.nicolas.pocker.DeckTest" time="0"/>
  <testcase name="testDeckConstructor" classname="za.co.nicolas.pocker.DeckTest" time="0"/>
  <testcase name="testDeckToString" classname="za.co.nicolas.pocker.DeckTest" time="0"/>
  <testcase name="testDealHand" classname="za.co.nicolas.pocker.DeckTest" time="0"/>
  <testcase name="testShuffle" classname="za.co.nicolas.pocker.DeckTest" time="0"/>
</testsuite>